Arguments: 
  /Users/B3HR4D/.nvm/versions/node/v16.17.0/bin/node /opt/homebrew/bin/yarn publish

PATH: 
  /Users/B3HR4D/.nvm/versions/node/v16.17.0/bin:/Users/B3HR4D/Library/pnpm:/opt/homebrew/bin:/opt/homebrew/sbin:/usr/local/bin:/usr/bin:/bin:/usr/sbin:/sbin:/Users/B3HR4D/.nvm/versions/node/v16.17.0/bin:/Users/B3HR4D/Library/pnpm:/opt/homebrew/bin:/opt/homebrew/sbin:/Users/B3HR4D/.cloud/Documents/Backup/config/git:/Users/B3HR4D/.yarn/bin:/Users/B3HR4D/.cloud/Documents/Backup/config/git

Yarn version: 
  1.22.19

Node version: 
  16.17.0

Platform: 
  darwin arm64

Trace: 
  Error: canceled
      at Interface.<anonymous> (/opt/homebrew/lib/node_modules/yarn/lib/cli.js:137150:13)
      at Interface.emit (node:events:513:28)
      at Interface._ttyWrite (node:readline:1085:16)
      at ReadStream.onkeypress (node:readline:291:10)
      at ReadStream.emit (node:events:513:28)
      at emitKeys (node:internal/readline/utils:357:14)
      at emitKeys.next (<anonymous>)
      at ReadStream.onData (node:internal/readline/emitKeypressEvents:61:36)
      at ReadStream.emit (node:events:513:28)
      at addChunk (node:internal/streams/readable:315:12)

npm manifest: 
  {
    "name": "colorful-darkplus",
    "displayName": "Colorful DarkPlus",
    "description": "A custom colorized clone theme from VSCode default dark with italic font.",
    "version": "1.1.0",
    "publisher": "b3hr4d",
    "engines": {
      "vscode": "^1.46.0"
    },
    "repository": {
      "type": "git",
      "url": "https://github.com/b3hr4d/colorful-vsCode-darkplus"
    },
    "keywords": [
      "Theme",
      "Dark Theme",
      "VScode Theme",
      "Default dark",
      "Night Theme",
      "defaultvscode dark",
      "colorful dark",
      "darker vscode",
      "dark+ Theme",
      "dark+ color",
      "motoko theme",
      "solidity theme",
      "typescript theme",
      "rust theme",
      "italic theme"
    ],
    "categories": [
      "Themes"
    ],
    "scripts": {
      "package": "vsce package",
      "publish": "vsce publish"
    },
    "icon": "dplus-icon.png",
    "contributes": {
      "themes": [
        {
          "label": "Colorful Dark+",
          "uiTheme": "vs-dark",
          "path": "./themes/colorful-color-theme.json"
        }
      ]
    }
  }

yarn manifest: 
  No manifest

Lockfile: 
  No lockfile
